Build started 01/11/2015 15:08:23.
     1>Project "C:\Users\Yaacov\Documents\GitHub\vision-mushnik\VisionMushnik\VisionMushnik\VisionMushnik.vcxproj" on node 2 (Build target(s)).
     1>ClCompile:
         C:\Program Files (x86)\Microsoft Visual Studio 12.0\VC\bin\CL.exe /c /AI"C:\Program Files (x86)\Reference Assemblies\Microsoft\Framework\.NETFramework\v4.5\\" /AI"C:\Program Files (x86)\Windows Kits\8.1\References\CommonConfiguration\Neutral" /AI"C:\Program Files (x86)\Reference Assemblies\Microsoft\Framework\.NETFramework\v4.5\Facades\\" /Zi /clr /nologo /W3 /WX- /Od /Oy- /D WIN32 /D _DEBUG /D _UNICODE /D UNICODE /EHa /MDd /GS /fp:precise /Zc:wchar_t /Zc:forScope /Fo"Debug\\" /Fd"Debug\vc120.pdb" /TP /FU"C:\Program Files (x86)\Reference Assemblies\Microsoft\Framework\.NETFramework\v4.5\mscorlib.dll" /FU"C:\Program Files (x86)\Reference Assemblies\Microsoft\Framework\.NETFramework\v4.5\System.Data.dll" /FU"C:\Program Files (x86)\Reference Assemblies\Microsoft\Framework\.NETFramework\v4.5\System.dll" /FU"C:\Program Files (x86)\Reference Assemblies\Microsoft\Framework\.NETFramework\v4.5\System.Drawing.dll" /FU"C:\Program Files (x86)\Reference Assemblies\Microsoft\Framework\.NETFramework\v4.5\System.Windows.Forms.dll" /FU"C:\Program Files (x86)\Reference Assemblies\Microsoft\Framework\.NETFramework\v4.5\System.Xml.dll" /analyze- /errorReport:prompt /clr:nostdlib Image.cpp MainForm.cpp
         Image.cpp
         MainForm.cpp
     1>MainForm.cpp(3): error C2059: syntax error : 'namespace'
     1>MainForm.cpp(3): error C2238: unexpected token(s) preceding ';'
     1>MainForm.cpp(4): error C2059: syntax error : 'namespace'
     1>MainForm.cpp(4): error C2238: unexpected token(s) preceding ';'
     1>MainForm.cpp(19): fatal error C1075: end of file found before the left brace '{' at 'c:\users\yaacov\documents\github\vision-mushnik\visionmushnik\visionmushnik\MainForm.h(16)' was matched
         Generating Code...
     1>Done Building Project "C:\Users\Yaacov\Documents\GitHub\vision-mushnik\VisionMushnik\VisionMushnik\VisionMushnik.vcxproj" (Build target(s)) -- FAILED.

Build FAILED.

Time Elapsed 00:00:00.63
